0 info it worked if it ends with ok
1 verbose cli [ 'C:\\Program Files\\nodejs\\node.exe',
1 verbose cli   'C:\\Program Files\\nodejs\\node_modules\\npm\\bin\\npm-cli.js',
1 verbose cli   'install',
1 verbose cli   '--save',
1 verbose cli   'ng-loaders' ]
2 info using npm@2.15.8
3 info using node@v4.4.7
4 verbose install initial load of F:\Projects\node project\quiz\package.json
5 warn package.json quiz@1.0.0 No repository field.
6 warn package.json quiz@1.0.0 No README data
7 verbose installManyTop reading scoped package data from F:\Projects\node project\quiz\node_modules\angular\package.json
8 verbose installManyTop reading scoped package data from F:\Projects\node project\quiz\node_modules\angular-resource\package.json
9 verbose installManyTop reading scoped package data from F:\Projects\node project\quiz\node_modules\angular-ui-router\package.json
10 verbose installManyTop reading scoped package data from F:\Projects\node project\quiz\node_modules\bluebird\package.json
11 verbose installManyTop reading scoped package data from F:\Projects\node project\quiz\node_modules\body-parser\package.json
12 verbose installManyTop reading scoped package data from F:\Projects\node project\quiz\node_modules\bootstrap\package.json
13 verbose installManyTop reading scoped package data from F:\Projects\node project\quiz\node_modules\bootstrap-toggle\package.json
14 verbose installManyTop reading scoped package data from F:\Projects\node project\quiz\node_modules\express\package.json
15 verbose installManyTop reading scoped package data from F:\Projects\node project\quiz\node_modules\express-session\package.json
16 verbose installManyTop reading scoped package data from F:\Projects\node project\quiz\node_modules\jquery\package.json
17 verbose installManyTop reading scoped package data from F:\Projects\node project\quiz\node_modules\mysql\package.json
18 verbose installManyTop reading scoped package data from F:\Projects\node project\quiz\node_modules\sequelize\package.json
19 verbose readDependencies loading dependencies from F:\Projects\node project\quiz\package.json
20 silly cache add args [ 'ng-loaders', null ]
21 verbose cache add spec ng-loaders
22 silly cache add parsed spec Result {
22 silly cache add   raw: 'ng-loaders',
22 silly cache add   scope: null,
22 silly cache add   name: 'ng-loaders',
22 silly cache add   rawSpec: '',
22 silly cache add   spec: 'latest',
22 silly cache add   type: 'tag' }
23 silly addNamed ng-loaders@latest
24 verbose addNamed "latest" is being treated as a dist-tag for ng-loaders
25 info addNameTag [ 'ng-loaders', 'latest' ]
26 silly mapToRegistry name ng-loaders
27 silly mapToRegistry using default registry
28 silly mapToRegistry registry https://registry.npmjs.org/
29 silly mapToRegistry data Result {
29 silly mapToRegistry   raw: 'ng-loaders',
29 silly mapToRegistry   scope: null,
29 silly mapToRegistry   name: 'ng-loaders',
29 silly mapToRegistry   rawSpec: '',
29 silly mapToRegistry   spec: 'latest',
29 silly mapToRegistry   type: 'tag' }
30 silly mapToRegistry uri https://registry.npmjs.org/ng-loaders
31 verbose addNameTag registry:https://registry.npmjs.org/ng-loaders not in flight; fetching
32 verbose request uri https://registry.npmjs.org/ng-loaders
33 verbose request no auth needed
34 info attempt registry request try #1 at 2:05:20 AM
35 verbose request id 4dd940040cd46f93
36 http request GET https://registry.npmjs.org/ng-loaders
37 http 404 https://registry.npmjs.org/ng-loaders
38 verbose headers { 'content-type': 'application/json',
38 verbose headers   'cache-control': 'max-age=0',
38 verbose headers   'content-length': '2',
38 verbose headers   'accept-ranges': 'bytes',
38 verbose headers   date: 'Mon, 24 Apr 2017 20:35:19 GMT',
38 verbose headers   via: '1.1 varnish',
38 verbose headers   age: '0',
38 verbose headers   connection: 'keep-alive',
38 verbose headers   'x-served-by': 'cache-sin18030-SIN',
38 verbose headers   'x-cache': 'MISS',
38 verbose headers   'x-cache-hits': '0',
38 verbose headers   'x-timer': 'S1493066119.906284,VS0,VE959',
38 verbose headers   vary: 'Accept-Encoding' }
39 silly get cb [ 404,
39 silly get   { 'content-type': 'application/json',
39 silly get     'cache-control': 'max-age=0',
39 silly get     'content-length': '2',
39 silly get     'accept-ranges': 'bytes',
39 silly get     date: 'Mon, 24 Apr 2017 20:35:19 GMT',
39 silly get     via: '1.1 varnish',
39 silly get     age: '0',
39 silly get     connection: 'keep-alive',
39 silly get     'x-served-by': 'cache-sin18030-SIN',
39 silly get     'x-cache': 'MISS',
39 silly get     'x-cache-hits': '0',
39 silly get     'x-timer': 'S1493066119.906284,VS0,VE959',
39 silly get     vary: 'Accept-Encoding' } ]
40 verbose stack Error: Registry returned 404 for GET on https://registry.npmjs.org/ng-loaders
40 verbose stack     at makeError (C:\Program Files\nodejs\node_modules\npm\node_modules\npm-registry-client\lib\request.js:264:12)
40 verbose stack     at CachingRegistryClient.<anonymous> (C:\Program Files\nodejs\node_modules\npm\node_modules\npm-registry-client\lib\request.js:242:14)
40 verbose stack     at Request._callback (C:\Program Files\nodejs\node_modules\npm\node_modules\npm-registry-client\lib\request.js:172:14)
40 verbose stack     at Request.self.callback (C:\Program Files\nodejs\node_modules\npm\node_modules\request\request.js:200:22)
40 verbose stack     at emitTwo (events.js:87:13)
40 verbose stack     at Request.emit (events.js:172:7)
40 verbose stack     at Request.<anonymous> (C:\Program Files\nodejs\node_modules\npm\node_modules\request\request.js:1067:10)
40 verbose stack     at emitOne (events.js:82:20)
40 verbose stack     at Request.emit (events.js:169:7)
40 verbose stack     at IncomingMessage.<anonymous> (C:\Program Files\nodejs\node_modules\npm\node_modules\request\request.js:988:12)
41 verbose statusCode 404
42 verbose pkgid ng-loaders
43 verbose cwd F:\Projects\node project\quiz
44 error Windows_NT 6.2.9200
45 error argv "C:\\Program Files\\nodejs\\node.exe" "C:\\Program Files\\nodejs\\node_modules\\npm\\bin\\npm-cli.js" "install" "--save" "ng-loaders"
46 error node v4.4.7
47 error npm  v2.15.8
48 error code E404
49 error 404 Registry returned 404 for GET on https://registry.npmjs.org/ng-loaders
49 error 404
49 error 404 'ng-loaders' is not in the npm registry.
49 error 404 You should bug the author to publish it (or use the name yourself!)
49 error 404 It was specified as a dependency of 'quiz'
49 error 404
49 error 404 Note that you can also install from a
49 error 404 tarball, folder, http url, or git url.
50 verbose exit [ 1, true ]
